<?xml version="1.0" encoding="UTF-8"?>
<!-- Generated by org.testng.reporters.JUnitReportReporter -->
<testsuite hostname="LAPTOP-J50PK25R" failures="0" tests="10" name="runners.TestRunner" time="77.110" errors="0" timestamp="2025-09-07T22:30:18 IST" skipped="0">
  <testcase classname="runners.TestRunner" name="runScenario" time="7.255"/>
  <testcase classname="runners.TestRunner" name="runScenario" time="9.860"/>
  <testcase classname="runners.TestRunner" name="runScenario" time="10.478"/>
  <testcase classname="runners.TestRunner" name="runScenario" time="19.588"/>
  <testcase classname="runners.TestRunner" name="runScenario" time="11.104"/>
  <testcase classname="runners.TestRunner" name="runScenario" time="0.530"/>
  <testcase classname="runners.TestRunner" name="runScenario" time="6.086"/>
  <testcase classname="runners.TestRunner" name="runScenario" time="3.913"/>
  <testcase classname="runners.TestRunner" name="runScenario" time="0.906"/>
  <testcase classname="runners.TestRunner" name="runScenario" time="7.390"/>
</testsuite> <!-- runners.TestRunner -->
